<?xml version="1.0" encoding="UTF-8"?>
<testsuite name="JUnit Jupiter" tests="0" skipped="0" failures="0" errors="0" time="0.007" hostname="Alexander" timestamp="2017-09-26T00:52:45">
<properties>
<property name="awt.toolkit" value="sun.awt.X11.XToolkit"/>
<property name="file.encoding" value="UTF-8"/>
<property name="file.encoding.pkg" value="sun.io"/>
<property name="file.separator" value="/"/>
<property name="java.awt.graphicsenv" value="sun.awt.X11GraphicsEnvironment"/>
<property name="java.awt.printerjob" value="sun.print.PSPrinterJob"/>
<property name="java.class.path" value="/home/alexander/Documents/AY/2ndCourse/Java/tmp/2ndCourse-Java/SpiralMatrix/build/classes/test:/home/alexander/Documents/AY/2ndCourse/Java/tmp/2ndCourse-Java/SpiralMatrix/build/resources/test:/home/alexander/Documents/AY/2ndCourse/Java/tmp/2ndCourse-Java/SpiralMatrix/build/classes/main:/home/alexander/Documents/AY/2ndCourse/Java/tmp/2ndCourse-Java/SpiralMatrix/build/resources/main:/home/alexander/.gradle/caches/modules-2/files-2.1/junit/junit/4.12/2973d150c0dc1fefe998f834810d68f278ea58ec/junit-4.12.jar:/home/alexander/.gradle/caches/modules-2/files-2.1/org.junit.jupiter/junit-jupiter-api/5.0.0-M4/50f95d68c674a30374c5f50e6ad5212d2c1a3cec/junit-jupiter-api-5.0.0-M4.jar:/home/alexander/.gradle/caches/modules-2/files-2.1/org.junit.vintage/junit-vintage-engine/4.12.0-M4/b74455e014bb82c6a83dcab849ec169f68978109/junit-vintage-engine-4.12.0-M4.jar:/home/alexander/.gradle/caches/modules-2/files-2.1/org.junit.jupiter/junit-jupiter-engine/5.0.0-M4/10e0dc41a4e9c1817c2b729c3a7c48b1ddfed17/junit-jupiter-engine-5.0.0-M4.jar:/home/alexander/.gradle/caches/modules-2/files-2.1/org.hamcrest/hamcrest-core/1.3/42a25dc3219429f0e5d060061f71acb49bf010a0/hamcrest-core-1.3.jar:/home/alexander/.gradle/caches/modules-2/files-2.1/org.opentest4j/opentest4j/1.0.0-M2/e2caa64702a83336d3dd32c7f69c1f092156df6d/opentest4j-1.0.0-M2.jar:/home/alexander/.gradle/caches/modules-2/files-2.1/org.junit.platform/junit-platform-commons/1.0.0-M4/359eb461814bd7356de541d131d45473d394a168/junit-platform-commons-1.0.0-M4.jar:/home/alexander/.gradle/caches/modules-2/files-2.1/org.junit.platform/junit-platform-engine/1.0.0-M4/5e65bdd2d623dfc6a405911a6449f2c60808b0af/junit-platform-engine-1.0.0-M4.jar:/home/alexander/.gradle/caches/modules-2/files-2.1/org.junit.platform/junit-platform-launcher/1.0.0-M4/d4e3657bc7cf204d6b9b55f0387fedc6eaad55fa/junit-platform-launcher-1.0.0-M4.jar:/home/alexander/.gradle/caches/modules-2/files-2.1/org.junit.platform/junit-platform-console/1.0.0-M4/82da9da502b1fe187bed5f5152746696aad19fae/junit-platform-console-1.0.0-M4.jar"/>
<property name="java.class.version" value="52.0"/>
<property name="java.endorsed.dirs" value="/usr/lib/jvm/java-8-openjdk-amd64/jre/lib/endorsed"/>
<property name="java.ext.dirs" value="/usr/lib/jvm/java-8-openjdk-amd64/jre/lib/ext:/usr/java/packages/lib/ext"/>
<property name="java.home" value="/usr/lib/jvm/java-8-openjdk-amd64/jre"/>
<property name="java.io.tmpdir" value="/tmp"/>
<property name="java.library.path" value="/home/alexander/.local/share/umake/ide/idea/bin::/usr/java/packages/lib/amd64:/usr/lib/x86_64-linux-gnu/jni:/lib/x86_64-linux-gnu:/usr/lib/x86_64-linux-gnu:/usr/lib/jni:/lib:/usr/lib"/>
<property name="java.runtime.name" value="OpenJDK Runtime Environment"/>
<property name="java.runtime.version" value="1.8.0_131-8u131-b11-2ubuntu1.16.04.3-b11"/>
<property name="java.specification.name" value="Java Platform API Specification"/>
<property name="java.specification.vendor" value="Oracle Corporation"/>
<property name="java.specification.version" value="1.8"/>
<property name="java.vendor" value="Oracle Corporation"/>
<property name="java.vendor.url" value="http://java.oracle.com/"/>
<property name="java.vendor.url.bug" value="http://bugreport.sun.com/bugreport/"/>
<property name="java.version" value="1.8.0_131"/>
<property name="java.vm.info" value="mixed mode"/>
<property name="java.vm.name" value="OpenJDK 64-Bit Server VM"/>
<property name="java.vm.specification.name" value="Java Virtual Machine Specification"/>
<property name="java.vm.specification.vendor" value="Oracle Corporation"/>
<property name="java.vm.specification.version" value="1.8"/>
<property name="java.vm.vendor" value="Oracle Corporation"/>
<property name="java.vm.version" value="25.131-b11"/>
<property name="line.separator" value="
"/>
<property name="os.arch" value="amd64"/>
<property name="os.name" value="Linux"/>
<property name="os.version" value="4.4.0-96-generic"/>
<property name="path.separator" value=":"/>
<property name="sun.arch.data.model" value="64"/>
<property name="sun.boot.class.path" value="/usr/lib/jvm/java-8-openjdk-amd64/jre/lib/resources.jar:/usr/lib/jvm/java-8-openjdk-amd64/jre/lib/rt.jar:/usr/lib/jvm/java-8-openjdk-amd64/jre/lib/sunrsasign.jar:/usr/lib/jvm/java-8-openjdk-amd64/jre/lib/jsse.jar:/usr/lib/jvm/java-8-openjdk-amd64/jre/lib/jce.jar:/usr/lib/jvm/java-8-openjdk-amd64/jre/lib/charsets.jar:/usr/lib/jvm/java-8-openjdk-amd64/jre/lib/jfr.jar:/usr/lib/jvm/java-8-openjdk-amd64/jre/classes"/>
<property name="sun.boot.library.path" value="/usr/lib/jvm/java-8-openjdk-amd64/jre/lib/amd64"/>
<property name="sun.cpu.endian" value="little"/>
<property name="sun.cpu.isalist" value=""/>
<property name="sun.desktop" value="gnome"/>
<property name="sun.io.unicode.encoding" value="UnicodeLittle"/>
<property name="sun.java.command" value="org.junit.platform.console.ConsoleLauncher --details NONE --scan-class-path /home/alexander/Documents/AY/2ndCourse/Java/tmp/2ndCourse-Java/SpiralMatrix/build/classes/main:/home/alexander/Documents/AY/2ndCourse/Java/tmp/2ndCourse-Java/SpiralMatrix/build/resources/main:/home/alexander/Documents/AY/2ndCourse/Java/tmp/2ndCourse-Java/SpiralMatrix/build/classes/test:/home/alexander/Documents/AY/2ndCourse/Java/tmp/2ndCourse-Java/SpiralMatrix/build/resources/test -n ^.*Tests?$ --reports-dir /home/alexander/Documents/AY/2ndCourse/Java/tmp/2ndCourse-Java/SpiralMatrix/build/test-results/junit-platform"/>
<property name="sun.java.launcher" value="SUN_STANDARD"/>
<property name="sun.jnu.encoding" value="UTF-8"/>
<property name="sun.management.compiler" value="HotSpot 64-Bit Tiered Compilers"/>
<property name="sun.os.patch.level" value="unknown"/>
<property name="user.country" value="US"/>
<property name="user.dir" value="/home/alexander/Documents/AY/2ndCourse/Java/tmp/2ndCourse-Java/SpiralMatrix"/>
<property name="user.home" value="/home/alexander"/>
<property name="user.language" value="en"/>
<property name="user.name" value="alexander"/>
<property name="user.timezone" value="Europe/Moscow"/>
<property name="user.variant" value=""/>
</properties>
<system-out><![CDATA[
unique-id: [engine:junit-jupiter]
display-name: JUnit Jupiter
]]></system-out>
</testsuite>
