<?xml version="1.0" encoding="UTF-8"?>
<testsuite name="SpiralMatrixTest" tests="1" skipped="0" failures="0" errors="0" timestamp="2017-09-26T22:02:10" hostname="Alexander" time="0.011">
  <properties/>
  <testcase name="testSortByColumnsRegular" classname="SpiralMatrixTest" time="0.011"/>
  <system-out><![CDATA[]]></system-out>
  <system-err><![CDATA[]]></system-err>
</testsuite>
