<?xml version="1.0" encoding="UTF-8"?>
<testsuite name="StrangeMatrixTest" tests="4" skipped="0" failures="0" errors="0" timestamp="2017-11-14T18:00:14" hostname="Alexander" time="0.026">
  <properties/>
  <testcase name="testSpiralPrintExceptions" classname="StrangeMatrixTest" time="0.011"/>
  <testcase name="testSortByColumnsExceptions" classname="StrangeMatrixTest" time="0.003"/>
  <testcase name="testSpiralPrintRegular" classname="StrangeMatrixTest" time="0.002"/>
  <testcase name="testSortByColumnsRegular" classname="StrangeMatrixTest" time="0.005"/>
  <system-out><![CDATA[]]></system-out>
  <system-err><![CDATA[]]></system-err>
</testsuite>
